<?xml version="1.0" encoding="UTF-8"?>
<!-- Generated by org.testng.reporters.JUnitReportReporter -->
<testsuite hostname="Uzmas-MBP" failures="0" tests="2" name="avenuecode.MyTasksTest" time="28.988" errors="0" timestamp="2023-02-27T15:50:26 GST" skipped="0">
  <testcase classname="avenuecode.MyTasksTest" name="createNewTask" time="13.527"/>
  <system-out/>
  <testcase classname="avenuecode.MyTasksTest" name="checkTaskLength" time="15.461"/>
  <system-out/>
</testsuite> <!-- avenuecode.MyTasksTest -->
